<?xml version="1.0" encoding="UTF-8"?>
<!-- Generated by org.testng.reporters.JUnitReportReporter -->
<testsuite skipped="0" hostname="hp-PC" name="com.sk.testScripts.TC_002_HomePageTest" tests="1" failures="0" timestamp="04 Sep 2018 06:39:25 GMT" time="0.063" errors="0">
  <testcase name="verifyShareKhanLogoTest" time="0.063" classname="com.sk.testScripts.TC_002_HomePageTest"/>
</testsuite> <!-- com.sk.testScripts.TC_002_HomePageTest -->
