<?xml version="1.0" encoding="UTF-8"?>
<!-- Generated by org.testng.reporters.JUnitReportReporter -->
<testsuite skipped="0" hostname="hp-PC" name="com.sk.testScripts.TC_001_LaunchingPageTest" tests="6" failures="0" timestamp="29 Aug 2018 08:27:47 GMT" time="68.362" errors="0">
  <testcase name="launchingPageTitleTest" time="10.923" classname="com.sk.testScripts.TC_001_LaunchingPageTest"/>
  <testcase name="validateVisitHomePageButtonTest" time="10.007" classname="com.sk.testScripts.TC_001_LaunchingPageTest"/>
  <testcase name="validateTradeNowButtonTest" time="8.249" classname="com.sk.testScripts.TC_001_LaunchingPageTest"/>
  <testcase name="validateOpenAnAccountButtonTest" time="10.604" classname="com.sk.testScripts.TC_001_LaunchingPageTest"/>
  <testcase name="validateNeedHelpButtonTest" time="6.949" classname="com.sk.testScripts.TC_001_LaunchingPageTest"/>
  <testcase name="validateTigersGalleryButtonTest" time="21.630" classname="com.sk.testScripts.TC_001_LaunchingPageTest"/>
</testsuite> <!-- com.sk.testScripts.TC_001_LaunchingPageTest -->
