<?xml version="1.0" encoding="UTF-8"?>
<!-- Generated by org.testng.reporters.JUnitReportReporter -->
<testsuite skipped="0" hostname="hp-PC" name="com.sk.testScripts.TC_001_LaunchingPageTest" tests="6" failures="0" timestamp="04 Sep 2018 06:39:25 GMT" time="0.235" errors="0">
  <testcase name="launchingPageTitleTest" time="0.013" classname="com.sk.testScripts.TC_001_LaunchingPageTest"/>
  <testcase name="validateVisitHomePageButtonTest" time="0.044" classname="com.sk.testScripts.TC_001_LaunchingPageTest"/>
  <testcase name="validateTradeNowButtonTest" time="0.052" classname="com.sk.testScripts.TC_001_LaunchingPageTest"/>
  <testcase name="validateOpenAnAccountButtonTest" time="0.054" classname="com.sk.testScripts.TC_001_LaunchingPageTest"/>
  <testcase name="validateNeedHelpButtonTest" time="0.036" classname="com.sk.testScripts.TC_001_LaunchingPageTest"/>
  <testcase name="validateTigersGalleryButtonTest" time="0.036" classname="com.sk.testScripts.TC_001_LaunchingPageTest"/>
</testsuite> <!-- com.sk.testScripts.TC_001_LaunchingPageTest -->
