<?xml version="1.0" encoding="UTF-8"?>
<!-- Generated by org.testng.reporters.JUnitReportReporter -->
<testsuite skipped="0" hostname="hp-PC" name="com.sk.testScripts.TC_001_LaunchingPageTest" tests="6" failures="0" timestamp="27 Aug 2018 08:56:04 GMT" time="49.765" errors="0">
  <testcase name="launchingPageTitleTest" time="7.384" classname="com.sk.testScripts.TC_001_LaunchingPageTest"/>
  <testcase name="validateVisitHomePageButtonTest" time="7.836" classname="com.sk.testScripts.TC_001_LaunchingPageTest"/>
  <testcase name="validateTradeNowButtonTest" time="7.789" classname="com.sk.testScripts.TC_001_LaunchingPageTest"/>
  <testcase name="validateOpenAnAccountButtonTest" time="11.694" classname="com.sk.testScripts.TC_001_LaunchingPageTest"/>
  <testcase name="validateNeedHelpButtonTest" time="8.359" classname="com.sk.testScripts.TC_001_LaunchingPageTest"/>
  <testcase name="validateTigersGalleryButtonTest" time="6.703" classname="com.sk.testScripts.TC_001_LaunchingPageTest"/>
</testsuite> <!-- com.sk.testScripts.TC_001_LaunchingPageTest -->
